Arguments: 
  /Users/mayishan/.nvm/versions/node/v6.8.1/bin/node /usr/local/Cellar/yarn/1.3.2/libexec/bin/yarn.js add gitbook-theme-comscore

PATH: 
  /Users/mayishan/.nvm/versions/node/v6.8.1/bin:/usr/local/bin:/usr/bin:/bin:/usr/sbin:/sbin:/usr/local/mongodb/bin:/Users/mayishan/.yarn/bin:/Users/mayishan/.rvm/bin:/usr/local/mongodb/bin:/Users/mayishan/.yarn/bin:/Users/mayishan/.rvm/bin:/Users/mayishan/.rvm/bin

Yarn version: 
  1.3.2

Node version: 
  6.8.1

Platform: 
  darwin x64

npm manifest: 
  {
    "dependencies": {
      "ebook-convert": "^2.0.1",
      "global": "^4.3.2"
    }
  }

yarn manifest: 
  No manifest

Lockfile: 
  # THIS IS AN AUTOGENERATED FILE. DO NOT EDIT THIS FILE DIRECTLY.
  # yarn lockfile v1
  
  
  arr-flatten@^1.0.1:
    version "1.1.0"
    resolved "http://r.cnpmjs.org/arr-flatten/download/arr-flatten-1.1.0.tgz#36048bbff4e7b47e136644316c99669ea5ae91f1"
  
  arr-union@^3.0.0:
    version "3.1.0"
    resolved "http://r.cnpmjs.org/arr-union/download/arr-union-3.1.0.tgz#e39b09aea9def866a8f206e288af63919bae39c4"
  
  balanced-match@^1.0.0:
    version "1.0.0"
    resolved "http://r.cnpmjs.org/balanced-match/download/balanced-match-1.0.0.tgz#89b4d199ab2bee49de164ea02b89ce462d71b767"
  
  brace-expansion@^1.1.7:
    version "1.1.11"
    resolved "http://r.cnpmjs.org/brace-expansion/download/brace-expansion-1.1.11.tgz#3c7fcbf529d87226f3d2f52b966ff5271eb441dd"
    dependencies:
      balanced-match "^1.0.0"
      concat-map "0.0.1"
  
  collapse-object@^0.1.0:
    version "0.1.0"
    resolved "http://r.cnpmjs.org/collapse-object/download/collapse-object-0.1.0.tgz#5c53f7da34e464e697011ce6f4aee73b88882c15"
    dependencies:
      expand-object "^0.3.6"
      kind-of "^2.0.0"
      regex-flags "^0.1.0"
  
  collection-visit@^0.1.1:
    version "0.1.1"
    resolved "http://r.cnpmjs.org/collection-visit/download/collection-visit-0.1.1.tgz#ea6f937e340748725c28107a674554df759e070c"
    dependencies:
      map-visit "^0.1.0"
      object-visit "^0.1.0"
  
  command-exists@^1.0.2:
    version "1.2.6"
    resolved "http://r.cnpmjs.org/command-exists/download/command-exists-1.2.6.tgz#577f8e5feb0cb0f159cd557a51a9be1bdd76e09e"
  
  component-emitter@^1.2.0:
    version "1.2.1"
    resolved "http://r.cnpmjs.org/component-emitter/download/component-emitter-1.2.1.tgz#137918d6d78283f7df7a6b7c5a63e140e69425e6"
  
  concat-map@0.0.1:
    version "0.0.1"
    resolved "http://r.cnpmjs.org/concat-map/download/concat-map-0.0.1.tgz#d8a96bd77fd68df7793a73036a3ba0d5405d477b"
  
  dashify@^0.1.0:
    version "0.1.0"
    resolved "http://r.cnpmjs.org/dashify/download/dashify-0.1.0.tgz#107daf9cca5e326e30a8b39ffa5048b6684922ea"
  
  data-store@^0.8.0:
    version "0.8.2"
    resolved "http://r.cnpmjs.org/data-store/download/data-store-0.8.2.tgz#8c39c872520d07e8954d4ff0cf2d73b6299c5dfb"
    dependencies:
      collection-visit "^0.1.1"
      component-emitter "^1.2.0"
      extend-shallow "^2.0.1"
      get-value "^1.1.5"
      graceful-fs "^4.1.2"
      has-own-deep "^0.1.4"
      has-value "^0.2.0"
      kind-of "^2.0.0"
      lazy-cache "^0.2.2"
      mkdirp "^0.5.1"
      object.omit "^2.0.0"
      rimraf "^2.4.2"
      set-value "^0.2.0"
      union-value "^0.1.1"
  
  dom-walk@^0.1.0:
    version "0.1.1"
    resolved "http://r.cnpmjs.org/dom-walk/download/dom-walk-0.1.1.tgz#672226dc74c8f799ad35307df936aba11acd6018"
  
  ebook-convert@^2.0.1:
    version "2.0.1"
    resolved "http://r.cnpmjs.org/ebook-convert/download/ebook-convert-2.0.1.tgz#33ed1643800b3d17ce6629100a58f100f1ea4b2a"
    dependencies:
      command-exists "^1.0.2"
      to-flags "^0.2.0"
      xtend "^4.0.1"
  
  expand-object@^0.3.6:
    version "0.3.8"
    resolved "http://r.cnpmjs.org/expand-object/download/expand-object-0.3.8.tgz#0e7d19fd4775971a5e229753ded1b58a34a4d72e"
    dependencies:
      data-store "^0.8.0"
      get-stdin "^4.0.1"
      is-number "^2.0.2"
      minimist "^1.1.2"
      set-value "^0.2.0"
  
  extend-shallow@^2.0.1:
    version "2.0.1"
    resolved "http://r.cnpmjs.org/extend-shallow/download/extend-shallow-2.0.1.tgz#51af7d614ad9a9f610ea1bafbb989d6b1c56890f"
    dependencies:
      is-extendable "^0.1.0"
  
  for-in@^1.0.1:
    version "1.0.2"
    resolved "http://r.cnpmjs.org/for-in/download/for-in-1.0.2.tgz#81068d295a8142ec0ac726c6e2200c30fb6d5e80"
  
  for-own@^0.1.4:
    version "0.1.5"
    resolved "http://r.cnpmjs.org/for-own/download/for-own-0.1.5.tgz#5265c681a4f294dabbf17c9509b6763aa84510ce"
    dependencies:
      for-in "^1.0.1"
  
  fs.realpath@^1.0.0:
    version "1.0.0"
    resolved "http://r.cnpmjs.org/fs.realpath/download/fs.realpath-1.0.0.tgz#1504ad2523158caa40db4a2787cb01411994ea4f"
  
  get-stdin@^4.0.1:
    version "4.0.1"
    resolved "http://r.cnpmjs.org/get-stdin/download/get-stdin-4.0.1.tgz#b968c6b0a04384324902e8bf1a5df32579a450fe"
  
  get-value@^1.1.5:
    version "1.3.1"
    resolved "http://r.cnpmjs.org/get-value/download/get-value-1.3.1.tgz#8ac7ef4f20382392b2646548f9b9ad2dc6c89642"
    dependencies:
      arr-flatten "^1.0.1"
      is-extendable "^0.1.1"
      lazy-cache "^0.2.4"
      noncharacters "^1.1.0"
  
  get-value@^2.0.0:
    version "2.0.6"
    resolved "http://r.cnpmjs.org/get-value/download/get-value-2.0.6.tgz#dc15ca1c672387ca76bd37ac0a395ba2042a2c28"
  
  glob@^7.0.5:
    version "7.1.2"
    resolved "http://r.cnpmjs.org/glob/download/glob-7.1.2.tgz#c19c9df9a028702d678612384a6552404c636d15"
    dependencies:
      fs.realpath "^1.0.0"
      inflight "^1.0.4"
      inherits "2"
      minimatch "^3.0.4"
      once "^1.3.0"
      path-is-absolute "^1.0.0"
  
  global@^4.3.2:
    version "4.3.2"
    resolved "http://r.cnpmjs.org/global/download/global-4.3.2.tgz#e76989268a6c74c38908b1305b10fc0e394e9d0f"
    dependencies:
      min-document "^2.19.0"
      process "~0.5.1"
  
  graceful-fs@^4.1.2:
    version "4.1.11"
    resolved "http://r.cnpmjs.org/graceful-fs/download/graceful-fs-4.1.11.tgz#0e8bdfe4d1ddb8854d64e04ea7c00e2a026e5658"
  
  has-own-deep@^0.1.4:
    version "0.1.4"
    resolved "http://r.cnpmjs.org/has-own-deep/download/has-own-deep-0.1.4.tgz#91eb0cda278083158f8042a28316434e9afe7876"
  
  has-value@^0.2.0:
    version "0.2.1"
    resolved "http://r.cnpmjs.org/has-value/download/has-value-0.2.1.tgz#dbb14da140d429a8bcd4f089bc190f7db30bef70"
    dependencies:
      get-value "^2.0.0"
      has-values "^0.1.3"
  
  has-values@^0.1.3:
    version "0.1.4"
    resolved "http://r.cnpmjs.org/has-values/download/has-values-0.1.4.tgz#6d61de95d91dfca9b9a02089ad384bff8f62b771"
  
  inflight@^1.0.4:
    version "1.0.6"
    resolved "http://r.cnpmjs.org/inflight/download/inflight-1.0.6.tgz#49bd6331d7d02d0c09bc910a1075ba8165b56df9"
    dependencies:
      once "^1.3.0"
      wrappy "1"
  
  inherits@2:
    version "2.0.3"
    resolved "http://r.cnpmjs.org/inherits/download/inherits-2.0.3.tgz#633c2c83e3da42a502f52466022480f4208261de"
  
  is-buffer@^1.0.2, is-buffer@^1.1.5:
    version "1.1.6"
    resolved "http://r.cnpmjs.org/is-buffer/download/is-buffer-1.1.6.tgz#efaa2ea9daa0d7ab2ea13a97b2b8ad51fefbe8be"
  
  is-extendable@^0.1.0, is-extendable@^0.1.1:
    version "0.1.1"
    resolved "http://r.cnpmjs.org/is-extendable/download/is-extendable-0.1.1.tgz#62b110e289a471418e3ec36a617d472e301dfc89"
  
  is-number@^2.0.2:
    version "2.1.0"
    resolved "http://r.cnpmjs.org/is-number/download/is-number-2.1.0.tgz#01fcbbb393463a548f2f466cce16dece49db908f"
    dependencies:
      kind-of "^3.0.2"
  
  is-primitive@^2.0.0:
    version "2.0.0"
    resolved "http://r.cnpmjs.org/is-primitive/download/is-primitive-2.0.0.tgz#207bab91638499c07b2adf240a41a87210034575"
  
  isarray@1.0.0:
    version "1.0.0"
    resolved "http://r.cnpmjs.org/isarray/download/isarray-1.0.0.tgz#bb935d48582cba168c06834957a54a3e07124f11"
  
  isobject@^1.0.0:
    version "1.0.2"
    resolved "http://r.cnpmjs.org/isobject/download/isobject-1.0.2.tgz#f0f9b8ce92dd540fa0740882e3835a2e022ec78a"
  
  isobject@^2.0.0:
    version "2.1.0"
    resolved "http://r.cnpmjs.org/isobject/download/isobject-2.1.0.tgz#f065561096a3f1da2ef46272f815c840d87e0c89"
    dependencies:
      isarray "1.0.0"
  
  kind-of@^2.0.0:
    version "2.0.1"
    resolved "http://r.cnpmjs.org/kind-of/download/kind-of-2.0.1.tgz#018ec7a4ce7e3a86cb9141be519d24c8faa981b5"
    dependencies:
      is-buffer "^1.0.2"
  
  kind-of@^3.0.2:
    version "3.2.2"
    resolved "http://r.cnpmjs.org/kind-of/download/kind-of-3.2.2.tgz#31ea21a734bab9bbb0f32466d893aea51e4a3c64"
    dependencies:
      is-buffer "^1.1.5"
  
  lazy-cache@^0.2.2, lazy-cache@^0.2.4:
    version "0.2.7"
    resolved "http://r.cnpmjs.org/lazy-cache/download/lazy-cache-0.2.7.tgz#7feddf2dcb6edb77d11ef1d117ab5ffdf0ab1b65"
  
  lazy-cache@^2.0.1:
    version "2.0.2"
    resolved "http://r.cnpmjs.org/lazy-cache/download/lazy-cache-2.0.2.tgz#b9190a4f913354694840859f8a8f7084d8822264"
    dependencies:
      set-getter "^0.1.0"
  
  map-visit@^0.1.0:
    version "0.1.5"
    resolved "http://r.cnpmjs.org/map-visit/download/map-visit-0.1.5.tgz#dbe43927ce5525b80dfc1573a44d68c51f26816b"
    dependencies:
      lazy-cache "^2.0.1"
      object-visit "^0.3.4"
  
  min-document@^2.19.0:
    version "2.19.0"
    resolved "http://r.cnpmjs.org/min-document/download/min-document-2.19.0.tgz#7bd282e3f5842ed295bb748cdd9f1ffa2c824685"
    dependencies:
      dom-walk "^0.1.0"
  
  minimatch@^3.0.4:
    version "3.0.4"
    resolved "http://r.cnpmjs.org/minimatch/download/minimatch-3.0.4.tgz#5166e286457f03306064be5497e8dbb0c3d32083"
    dependencies:
      brace-expansion "^1.1.7"
  
  minimist@0.0.8:
    version "0.0.8"
    resolved "http://r.cnpmjs.org/minimist/download/minimist-0.0.8.tgz#857fcabfc3397d2625b8228262e86aa7a011b05d"
  
  minimist@^1.1.2:
    version "1.2.0"
    resolved "http://r.cnpmjs.org/minimist/download/minimist-1.2.0.tgz#a35008b20f41383eec1fb914f4cd5df79a264284"
  
  mkdirp@^0.5.1:
    version "0.5.1"
    resolved "http://r.cnpmjs.org/mkdirp/download/mkdirp-0.5.1.tgz#30057438eac6cf7f8c4767f38648d6697d75c903"
    dependencies:
      minimist "0.0.8"
  
  noncharacters@^1.1.0:
    version "1.1.0"
    resolved "http://r.cnpmjs.org/noncharacters/download/noncharacters-1.1.0.tgz#af33df30fd50ed3c53cd202258f25ada90b540d2"
  
  object-visit@^0.1.0:
    version "0.1.0"
    resolved "http://r.cnpmjs.org/object-visit/download/object-visit-0.1.0.tgz#b1bb6749f228ee76e0c42f3851d28a14d233ce26"
    dependencies:
      isobject "^1.0.0"
  
  object-visit@^0.3.4:
    version "0.3.4"
    resolved "http://r.cnpmjs.org/object-visit/download/object-visit-0.3.4.tgz#ae15cf86f0b2fdd551771636448452c54c3da829"
    dependencies:
      isobject "^2.0.0"
  
  object.omit@^2.0.0:
    version "2.0.1"
    resolved "http://r.cnpmjs.org/object.omit/download/object.omit-2.0.1.tgz#1a9c744829f39dbb858c76ca3579ae2a54ebd1fa"
    dependencies:
      for-own "^0.1.4"
      is-extendable "^0.1.1"
  
  once@^1.3.0:
    version "1.4.0"
    resolved "http://r.cnpmjs.org/once/download/once-1.4.0.tgz#583b1aa775961d4b113ac17d9c50baef9dd76bd1"
    dependencies:
      wrappy "1"
  
  path-is-absolute@^1.0.0:
    version "1.0.1"
    resolved "http://r.cnpmjs.org/path-is-absolute/download/path-is-absolute-1.0.1.tgz#174b9268735534ffbc7ace6bf53a5a9e1b5c5f5f"
  
  process@~0.5.1:
    version "0.5.2"
    resolved "http://r.cnpmjs.org/process/download/process-0.5.2.tgz#1638d8a8e34c2f440a91db95ab9aeb677fc185cf"
  
  regex-flags@^0.1.0:
    version "0.1.0"
    resolved "http://r.cnpmjs.org/regex-flags/download/regex-flags-0.1.0.tgz#3442798428faaed53b0cfede7f57044110ed1e94"
    dependencies:
      kind-of "^2.0.0"
  
  rimraf@^2.4.2:
    version "2.6.2"
    resolved "http://r.cnpmjs.org/rimraf/download/rimraf-2.6.2.tgz#2ed8150d24a16ea8651e6d6ef0f47c4158ce7a36"
    dependencies:
      glob "^7.0.5"
  
  set-getter@^0.1.0:
    version "0.1.0"
    resolved "http://r.cnpmjs.org/set-getter/download/set-getter-0.1.0.tgz#d769c182c9d5a51f409145f2fba82e5e86e80376"
    dependencies:
      to-object-path "^0.3.0"
  
  set-value@^0.2.0:
    version "0.2.0"
    resolved "http://r.cnpmjs.org/set-value/download/set-value-0.2.0.tgz#73b0a6825c158c6a16a82bbdc95775bf2a825fab"
    dependencies:
      isobject "^1.0.0"
      noncharacters "^1.1.0"
  
  to-flag@^1.0.0:
    version "1.0.0"
    resolved "http://r.cnpmjs.org/to-flag/download/to-flag-1.0.0.tgz#fffeb5ef3357f3c5e64cfd21e7e1698d044c834b"
    dependencies:
      collapse-object "^0.1.0"
      dashify "^0.1.0"
      is-primitive "^2.0.0"
  
  to-flags@^0.2.0:
    version "0.2.0"
    resolved "http://r.cnpmjs.org/to-flags/download/to-flags-0.2.0.tgz#ec15c28a2e6022e7257c659677ad4d12485ff4be"
    dependencies:
      to-flag "^1.0.0"
  
  to-object-path@^0.3.0:
    version "0.3.0"
    resolved "http://r.cnpmjs.org/to-object-path/download/to-object-path-0.3.0.tgz#297588b7b0e7e0ac08e04e672f85c1f4999e17af"
    dependencies:
      kind-of "^3.0.2"
  
  union-value@^0.1.1:
    version "0.1.1"
    resolved "http://r.cnpmjs.org/union-value/download/union-value-0.1.1.tgz#6920e5907eee2bff11b7c7fb098b888bfa7cc54f"
    dependencies:
      arr-union "^3.0.0"
      get-value "^1.1.5"
      is-extendable "^0.1.1"
      set-value "^0.2.0"
  
  wrappy@1:
    version "1.0.2"
    resolved "http://r.cnpmjs.org/wrappy/download/wrappy-1.0.2.tgz#b5243d8f3ec1aa35f1364605bc0d1036e30ab69f"
  
  xtend@^4.0.1:
    version "4.0.1"
    resolved "http://r.cnpmjs.org/xtend/download/xtend-4.0.1.tgz#a5c6d532be656e23db820efb943a1f04998d63af"

Trace: 
  Error: http://r.cnpmjs.org/to-flag/download/to-flag-1.0.0.tgz: ESOCKETTIMEDOUT
      at ClientRequest.<anonymous> (/usr/local/Cellar/yarn/1.3.2/libexec/lib/cli.js:123716:19)
      at ClientRequest.g (events.js:291:16)
      at emitNone (events.js:86:13)
      at ClientRequest.emit (events.js:185:7)
      at TLSSocket.emitTimeout (_http_client.js:620:10)
      at TLSSocket.g (events.js:291:16)
      at emitNone (events.js:86:13)
      at TLSSocket.emit (events.js:185:7)
      at TLSSocket.Socket._onTimeout (net.js:339:8)
      at ontimeout (timers.js:365:14)
